Testing the download function...
Testing the convert function...
2023-11-16 14:45:13,374 Testing the download function...
2023-11-16 14:45:58,974 Testing the download function...
2023-11-16 14:47:02,353 Testing the download function...
2023-11-16 14:47:10,723 Downloaded the video
2023-11-16 14:47:10,724 Testing the convert function...
2023-11-16 14:49:46,432 Testing the download function...
2023-11-16 14:49:49,242 Downloaded the video
2023-11-16 14:50:21,854 Testing the download function...
2023-11-16 14:50:25,017 Downloaded the video
2023-11-16 14:50:25,017 Testing the convert function...
2023-11-16 14:50:54,275 Testing the download function...
2023-11-16 14:50:58,211 Downloaded the video
2023-11-16 14:50:58,211 Testing the convert function...
2023-11-16 14:53:10,485 Testing the download function...
2023-11-16 14:53:13,322 Downloaded the video
2023-11-16 14:53:13,322 Testing the convert function...
2023-11-16 15:03:00,817 Testing the download function...
2023-11-16 15:03:03,745 Downloaded the video
2023-11-16 15:03:41,214 Testing the convert function...
2023-11-16 15:04:14,422 Testing the convert function...
2023-11-16 16:11:21,838 Testing the download function...
2023-11-16 16:11:26,066 Downloaded the video
2023-11-16 16:11:38,232 Testing the convert function...
2023-11-16 16:12:42,420 Testing the convert function...
2023-11-16 16:18:51,555 Testing the convert function...
2023-11-16 16:32:46,499 Testing the convert function...
2023-11-17 20:35:01,731 Testing the convert function... data is <class 'str'>
2023-11-17 21:55:29,975 Testing the convert function... data is <class 'str'>
